#
# There is insufficient memory for the Java Runtime Environment to continue.
# Native memory allocation (malloc) failed to allocate 32744 bytes. Error detail: Chunk::new
# Possible reasons:
#   The system is out of physical RAM or swap space
#   This process is running with CompressedOops enabled, and the Java Heap may be blocking the growth of the native heap
# Possible solutions:
#   Reduce memory load on the system
#   Increase physical memory or swap space
#   Check if swap backing store is full
#   Decrease Java heap size (-Xmx/-Xms)
#   Decrease number of Java threads
#   Decrease Java thread stack sizes (-Xss)
#   Set larger code cache with -XX:ReservedCodeCacheSize=
#   JVM is running with Unscaled Compressed Oops mode in which the Java heap is
#     placed in the first 4GB address space. The Java Heap base address is the
#     maximum limit for the native heap growth. Please use -XX:HeapBaseMinAddress
#     to set the Java Heap base and to place the Java Heap above 4GB virtual address.
# This output file may be truncated or incomplete.
#
#  Out of Memory Error (arena.cpp:168), pid=25164, tid=18604
#
# JRE version: OpenJDK Runtime Environment Temurin-21.0.6+7 (21.0.6+7) (build 21.0.6+7-LTS)
# Java VM: OpenJDK 64-Bit Server VM Temurin-21.0.6+7 (21.0.6+7-LTS, mixed mode, sharing, tiered, compressed oops, compressed class ptrs, parallel gc, windows-amd64)
# No core dump will be written. Minidumps are not enabled by default on client versions of Windows
#

---------------  S U M M A R Y ------------

Command Line: --add-modules=ALL-SYSTEM --add-opens=java.base/java.util=ALL-UNNAMED --add-opens=java.base/java.lang=ALL-UNNAMED --add-opens=java.base/sun.nio.fs=ALL-UNNAMED -Declipse.application=org.eclipse.jdt.ls.core.id1 -Dosgi.bundles.defaultStartLevel=4 -Declipse.product=org.eclipse.jdt.ls.core.product -Djava.import.generatesMetadataFilesAtProjectRoot=false -DDetectVMInstallationsJob.disabled=true -Dfile.encoding=utf8 -XX:+UseParallelGC -XX:GCTimeRatio=4 -XX:AdaptiveSizePolicyWeight=90 -Dsun.zip.disableMemoryMapping=true -Xmx1G -Xms100m -Xlog:disable -javaagent:c:\Users\dh210\.vscode\extensions\redhat.java-1.41.0-win32-x64\lombok\lombok-1.18.36.jar c:\Users\dh210\.vscode\extensions\redhat.java-1.41.0-win32-x64\server\plugins\org.eclipse.equinox.launcher_1.6.1100.v20250306-0509.jar -configuration c:\Users\dh210\AppData\Roaming\Code\User\globalStorage\redhat.java\1.41.0\config_ss_win -data c:\Users\dh210\AppData\Roaming\Code\User\workspaceStorage\e025dc4aa543a09d8553582b0ad4b498\redhat.java\ss_ws --pipe=\\.\pipe\lsp-2090adb592c026718e0bc3cdff5a0565-sock

Host: AMD Ryzen 5 5500U with Radeon Graphics         , 12 cores, 5G,  Windows 11 , 64 bit Build 22621 (10.0.22621.4974)
Time: Mon Mar 31 21:58:41 2025 Hora Padrão de Buenos Aires elapsed time: 9.645536 seconds (0d 0h 0m 9s)

---------------  T H R E A D  ---------------

Current thread (0x000002e44faed430):  JavaThread "C2 CompilerThread0" daemon [_thread_in_native, id=18604, stack(0x000000eff0400000,0x000000eff0500000) (1024K)]


Current CompileTask:
C2:9645 2527       4       org.lombokweb.asm.ClassReader::readMethod (1070 bytes)

Stack: [0x000000eff0400000,0x000000eff0500000]
Native frames: (J=compiled Java code, j=interpreted, Vv=VM code, C=native code)
V  [jvm.dll+0x6cdee9]
V  [jvm.dll+0x8a83d1]
V  [jvm.dll+0x8aa8fe]
V  [jvm.dll+0x8aafe3]
V  [jvm.dll+0x27f706]
V  [jvm.dll+0xc500d]
V  [jvm.dll+0xc5543]
V  [jvm.dll+0x6f9a3a]
V  [jvm.dll+0x1e00d6]
V  [jvm.dll+0x247b42]
V  [jvm.dll+0x246fcf]
V  [jvm.dll+0x1c75ee]
V  [jvm.dll+0x25685a]
V  [jvm.dll+0x254dfa]
V  [jvm.dll+0x3f0256]
V  [jvm.dll+0x851f8b]
V  [jvm.dll+0x6cc5ed]
C  [ucrtbase.dll+0x29333]
C  [KERNEL32.DLL+0x1259d]
C  [ntdll.dll+0x5af38]


---------------  P R O C E S S  ---------------

Threads class SMR info:
_java_thread_list=0x000002e46b513570, length=19, elements={
0x000002e44d63b880, 0x000002e44fae0fd0, 0x000002e44fae2340, 0x000002e44fae56d0,
0x000002e44fae65e0, 0x000002e44fae9ba0, 0x000002e44faec600, 0x000002e44faed430,
0x000002e44faf0820, 0x000002e4653833a0, 0x000002e4655d1c30, 0x000002e46b1fe2b0,
0x000002e46b076910, 0x000002e466870d30, 0x000002e46686c560, 0x000002e4664e2e60,
0x000002e465567bf0, 0x000002e46697afd0, 0x000002e46b268b00
}

Java Threads: ( => current thread )
  0x000002e44d63b880 JavaThread "main"                              [_thread_blocked, id=28664, stack(0x000000efefa00000,0x000000efefb00000) (1024K)]
  0x000002e44fae0fd0 JavaThread "Reference Handler"          daemon [_thread_blocked, id=17916, stack(0x000000efefe00000,0x000000efeff00000) (1024K)]
  0x000002e44fae2340 JavaThread "Finalizer"                  daemon [_thread_blocked, id=16284, stack(0x000000efeff00000,0x000000eff0000000) (1024K)]
  0x000002e44fae56d0 JavaThread "Signal Dispatcher"          daemon [_thread_blocked, id=27276, stack(0x000000eff0000000,0x000000eff0100000) (1024K)]
  0x000002e44fae65e0 JavaThread "Attach Listener"            daemon [_thread_blocked, id=15268, stack(0x000000eff0100000,0x000000eff0200000) (1024K)]
  0x000002e44fae9ba0 JavaThread "Service Thread"             daemon [_thread_blocked, id=7484, stack(0x000000eff0200000,0x000000eff0300000) (1024K)]
  0x000002e44faec600 JavaThread "Monitor Deflation Thread"   daemon [_thread_blocked, id=21532, stack(0x000000eff0300000,0x000000eff0400000) (1024K)]
=>0x000002e44faed430 JavaThread "C2 CompilerThread0"         daemon [_thread_in_native, id=18604, stack(0x000000eff0400000,0x000000eff0500000) (1024K)]
  0x000002e44faf0820 JavaThread "C1 CompilerThread0"         daemon [_thread_blocked, id=16084, stack(0x000000eff0500000,0x000000eff0600000) (1024K)]
  0x000002e4653833a0 JavaThread "Common-Cleaner"             daemon [_thread_blocked, id=19004, stack(0x000000eff0600000,0x000000eff0700000) (1024K)]
  0x000002e4655d1c30 JavaThread "Notification Thread"        daemon [_thread_blocked, id=16740, stack(0x000000eff0700000,0x000000eff0800000) (1024K)]
  0x000002e46b1fe2b0 JavaThread "Active Thread: Equinox Container: 728417db-26d8-4300-a53a-15de1c07fde0"        [_thread_blocked, id=11904, stack(0x000000eff0e00000,0x000000eff0f00000) (1024K)]
  0x000002e46b076910 JavaThread "Framework Event Dispatcher: Equinox Container: 728417db-26d8-4300-a53a-15de1c07fde0" daemon [_thread_blocked, id=27316, stack(0x000000eff1000000,0x000000eff1100000) (1024K)]
  0x000002e466870d30 JavaThread "Start Level: Equinox Container: 728417db-26d8-4300-a53a-15de1c07fde0" daemon [_thread_in_native, id=17616, stack(0x000000eff1100000,0x000000eff1200000) (1024K)]
  0x000002e46686c560 JavaThread "SCR Component Actor"        daemon [_thread_blocked, id=25632, stack(0x000000eff1200000,0x000000eff1300000) (1024K)]
  0x000002e4664e2e60 JavaThread "SCR Component Registry"     daemon [_thread_blocked, id=20896, stack(0x000000eff0f00000,0x000000eff1000000) (1024K)]
  0x000002e465567bf0 JavaThread "Worker-JM"                         [_thread_blocked, id=23256, stack(0x000000eff1400000,0x000000eff1500000) (1024K)]
  0x000002e46697afd0 JavaThread "Worker-0"                          [_thread_blocked, id=27912, stack(0x000000eff1700000,0x000000eff1800000) (1024K)]
  0x000002e46b268b00 JavaThread "Worker-1"                          [_thread_blocked, id=10780, stack(0x000000eff1800000,0x000000eff1900000) (1024K)]
Total: 19

Other Threads:
  0x000002e463e14b10 VMThread "VM Thread"                           [id=24004, stack(0x000000efefd00000,0x000000efefe00000) (1024K)]
  0x000002e44faac430 WatcherThread "VM Periodic Task Thread"        [id=21916, stack(0x000000efefc00000,0x000000efefd00000) (1024K)]
  0x000002e44fa5f500 WorkerThread "GC Thread#0"                     [id=20012, stack(0x000000efefb00000,0x000000efefc00000) (1024K)]
  0x000002e4665b5670 WorkerThread "GC Thread#1"                     [id=20080, stack(0x000000eff0800000,0x000000eff0900000) (1024K)]
  0x000002e4664156b0 WorkerThread "GC Thread#2"                     [id=15276, stack(0x000000eff0900000,0x000000eff0a00000) (1024K)]
  0x000002e466415a50 WorkerThread "GC Thread#3"                     [id=8688, stack(0x000000eff0a00000,0x000000eff0b00000) (1024K)]
  0x000002e466415df0 WorkerThread "GC Thread#4"                     [id=9872, stack(0x000000eff0b00000,0x000000eff0c00000) (1024K)]
  0x000002e466416190 WorkerThread "GC Thread#5"                     [id=20676, stack(0x000000eff0c00000,0x000000eff0d00000) (1024K)]
  0x000002e46659e860 WorkerThread "GC Thread#6"                     [id=24840, stack(0x000000eff0d00000,0x000000eff0e00000) (1024K)]
  0x000002e4663aea80 WorkerThread "GC Thread#7"                     [id=6256, stack(0x000000eff1300000,0x000000eff1400000) (1024K)]
  0x000002e4669be370 WorkerThread "GC Thread#8"                     [id=25140, stack(0x000000eff1500000,0x000000eff1600000) (1024K)]
  0x000002e4652ff680 WorkerThread "GC Thread#9"                     [id=27012, stack(0x000000eff1600000,0x000000eff1700000) (1024K)]
Total: 12

Threads with active compile tasks:
C2 CompilerThread0  10918 2527       4       org.lombokweb.asm.ClassReader::readMethod (1070 bytes)
Total: 1

VM state: not at safepoint (normal execution)

VM Mutex/Monitor currently owned by a thread: None

Heap address: 0x00000000c0000000, size: 1024 MB, Compressed Oops mode: 32-bit

CDS archive(s) mapped at: [0x000002e400000000-0x000002e400ba0000-0x000002e400ba0000), size 12189696, SharedBaseAddress: 0x000002e400000000, ArchiveRelocationMode: 1.
Compressed class space mapped at: 0x000002e401000000-0x000002e441000000, reserved size: 1073741824
Narrow klass base: 0x000002e400000000, Narrow klass shift: 0, Narrow klass range: 0x100000000

GC Precious Log:
 CardTable entry size: 512
 CPUs: 12 total, 12 available
 Memory: 6005M
 Large Page Support: Disabled
 NUMA Support: Disabled
 Compressed Oops: Enabled (32-bit)
 Alignments: Space 512K, Generation 512K, Heap 2M
 Heap Min Capacity: 100M
 Heap Initial Capacity: 100M
 Heap Max Capacity: 1G
 Pre-touch: Disabled
 Parallel Workers: 10

Heap:
 PSYoungGen      total 30208K, used 16576K [0x00000000eab00000, 0x00000000ecf80000, 0x0000000100000000)
  eden space 24576K, 67% used [0x00000000eab00000,0x00000000ebb30038,0x00000000ec300000)
  from space 5632K, 0% used [0x00000000ec900000,0x00000000ec900000,0x00000000ece80000)
  to   space 6144K, 0% used [0x00000000ec300000,0x00000000ec300000,0x00000000ec900000)
 ParOldGen       total 68608K, used 10363K [0x00000000c0000000, 0x00000000c4300000, 0x00000000eab00000)
  object space 68608K, 15% used [0x00000000c0000000,0x00000000c0a1ee78,0x00000000c4300000)
 Metaspace       used 23996K, committed 24704K, reserved 1114112K
  class space    used 2244K, committed 2560K, reserved 1048576K

Card table byte_map: [0x000002e44f410000,0x000002e44f620000] _byte_map_base: 0x000002e44ee10000

Marking Bits: (ParMarkBitMap*) 0x00007fff3f803260
 Begin Bits: [0x000002e461c30000, 0x000002e462c30000)
 End Bits:   [0x000002e462c30000, 0x000002e463c30000)

Polling page: 0x000002e44f200000

Metaspace:

Usage:
  Non-class:     21.24 MB used.
      Class:      2.19 MB used.
       Both:     23.43 MB used.

Virtual space:
  Non-class space:       64.00 MB reserved,      21.62 MB ( 34%) committed,  1 nodes.
      Class space:        1.00 GB reserved,       2.50 MB ( <1%) committed,  1 nodes.
             Both:        1.06 GB reserved,      24.12 MB (  2%) committed. 

Chunk freelists:
   Non-Class:  10.14 MB
       Class:  13.46 MB
        Both:  23.60 MB

MaxMetaspaceSize: unlimited
CompressedClassSpaceSize: 1.00 GB
Initial GC threshold: 21.00 MB
Current GC threshold: 35.00 MB
CDS: on
 - commit_granule_bytes: 65536.
 - commit_granule_words: 8192.
 - virtual_space_node_default_size: 8388608.
 - enlarge_chunks_in_place: 1.
 - use_allocation_guard: 0.


Internal statistics:

num_allocs_failed_limit: 5.
num_arena_births: 482.
num_arena_deaths: 14.
num_vsnodes_births: 2.
num_vsnodes_deaths: 0.
num_space_committed: 386.
num_space_uncommitted: 0.
num_chunks_returned_to_freelist: 19.
num_chunks_taken_from_freelist: 1325.
num_chunk_merges: 6.
num_chunk_splits: 892.
num_chunks_enlarged: 592.
num_inconsistent_stats: 0.

CodeHeap 'non-profiled nmethods': size=120000Kb used=1135Kb max_used=1135Kb free=118864Kb
 bounds [0x000002e45a700000, 0x000002e45a970000, 0x000002e461c30000]
CodeHeap 'profiled nmethods': size=120000Kb used=5835Kb max_used=5835Kb free=114164Kb
 bounds [0x000002e452c30000, 0x000002e4531f0000, 0x000002e45a160000]
CodeHeap 'non-nmethods': size=5760Kb used=1323Kb max_used=1323Kb free=4436Kb
 bounds [0x000002e45a160000, 0x000002e45a3d0000, 0x000002e45a700000]
 total_blobs=3530 nmethods=2922 adapters=514
 compilation: enabled
              stopped_count=0, restarted_count=0
 full_count=0

Compilation events (20 events):
Event: 9.341 Thread 0x000002e44faf0820 2940       2       java.util.concurrent.ConcurrentHashMap$Traverser::<init> (36 bytes)
Event: 9.341 Thread 0x000002e44faf0820 nmethod 2940 0x000002e4531da010 code [0x000002e4531da1a0, 0x000002e4531da2e0]
Event: 9.342 Thread 0x000002e44faf0820 2941       2       java.util.LinkedList$Node::<init> (20 bytes)
Event: 9.342 Thread 0x000002e44faf0820 nmethod 2941 0x000002e4531da390 code [0x000002e4531da520, 0x000002e4531da668]
Event: 9.351 Thread 0x000002e44faf0820 2942       2       java.net.URL::<init> (11 bytes)
Event: 9.352 Thread 0x000002e44faf0820 nmethod 2942 0x000002e4531da710 code [0x000002e4531da8c0, 0x000002e4531da9e8]
Event: 9.354 Thread 0x000002e44faf0820 2943       2       org.eclipse.osgi.internal.loader.BundleLoaderSources::getPackageSource (64 bytes)
Event: 9.354 Thread 0x000002e44faf0820 nmethod 2943 0x000002e4531daa90 code [0x000002e4531dac60, 0x000002e4531daf80]
Event: 9.357 Thread 0x000002e44faf0820 2945       3       java.util.jar.Manifest$FastInputStream::readLine (296 bytes)
Event: 9.358 Thread 0x000002e44faf0820 nmethod 2945 0x000002e4531db190 code [0x000002e4531db3c0, 0x000002e4531dbc28]
Event: 9.358 Thread 0x000002e44faf0820 2944   !   3       java.util.jar.Attributes::read (494 bytes)
Event: 9.362 Thread 0x000002e44faf0820 nmethod 2944 0x000002e4531dbf90 code [0x000002e4531dc720, 0x000002e4531e03b0]
Event: 9.362 Thread 0x000002e44faf0820 2946       3       java.util.jar.Manifest$FastInputStream::readLine (9 bytes)
Event: 9.362 Thread 0x000002e44faf0820 nmethod 2946 0x000002e4531e1d10 code [0x000002e4531e1ec0, 0x000002e4531e2010]
Event: 9.362 Thread 0x000002e44faf0820 2947       3       java.util.jar.Manifest$FastInputStream::peek (38 bytes)
Event: 9.363 Thread 0x000002e44faf0820 nmethod 2947 0x000002e4531e2110 code [0x000002e4531e22c0, 0x000002e4531e24d0]
Event: 9.415 Thread 0x000002e44faf0820 2949       2       java.io.FileDescriptor$1::getAppend (5 bytes)
Event: 9.416 Thread 0x000002e44faf0820 nmethod 2949 0x000002e4531e2610 code [0x000002e4531e27a0, 0x000002e4531e28b0]
Event: 9.416 Thread 0x000002e44faf0820 2950   !   2       java.io.FileOutputStream::write (47 bytes)
Event: 9.416 Thread 0x000002e44faf0820 nmethod 2950 0x000002e4531e2990 code [0x000002e4531e2b60, 0x000002e4531e2d60]

GC Heap History (14 events):
Event: 3.967 GC heap before
{Heap before GC invocations=1 (full 0):
 PSYoungGen      total 29696K, used 25600K [0x00000000eab00000, 0x00000000ecc00000, 0x0000000100000000)
  eden space 25600K, 100% used [0x00000000eab00000,0x00000000ec400000,0x00000000ec400000)
  from space 4096K, 0% used [0x00000000ec800000,0x00000000ec800000,0x00000000ecc00000)
  to   space 4096K, 0% used [0x00000000ec400000,0x00000000ec400000,0x00000000ec800000)
 ParOldGen       total 68608K, used 0K [0x00000000c0000000, 0x00000000c4300000, 0x00000000eab00000)
  object space 68608K, 0% used [0x00000000c0000000,0x00000000c0000000,0x00000000c4300000)
 Metaspace       used 4351K, committed 4544K, reserved 1114112K
  class space    used 438K, committed 512K, reserved 1048576K
}
Event: 4.017 GC heap after
{Heap after GC invocations=1 (full 0):
 PSYoungGen      total 29696K, used 3173K [0x00000000eab00000, 0x00000000ecc00000, 0x0000000100000000)
  eden space 25600K, 0% used [0x00000000eab00000,0x00000000eab00000,0x00000000ec400000)
  from space 4096K, 77% used [0x00000000ec400000,0x00000000ec7197f0,0x00000000ec800000)
  to   space 4096K, 0% used [0x00000000ec800000,0x00000000ec800000,0x00000000ecc00000)
 ParOldGen       total 68608K, used 16K [0x00000000c0000000, 0x00000000c4300000, 0x00000000eab00000)
  object space 68608K, 0% used [0x00000000c0000000,0x00000000c0004000,0x00000000c4300000)
 Metaspace       used 4351K, committed 4544K, reserved 1114112K
  class space    used 438K, committed 512K, reserved 1048576K
}
Event: 5.951 GC heap before
{Heap before GC invocations=2 (full 0):
 PSYoungGen      total 29696K, used 28773K [0x00000000eab00000, 0x00000000ecc00000, 0x0000000100000000)
  eden space 25600K, 100% used [0x00000000eab00000,0x00000000ec400000,0x00000000ec400000)
  from space 4096K, 77% used [0x00000000ec400000,0x00000000ec7197f0,0x00000000ec800000)
  to   space 4096K, 0% used [0x00000000ec800000,0x00000000ec800000,0x00000000ecc00000)
 ParOldGen       total 68608K, used 16K [0x00000000c0000000, 0x00000000c4300000, 0x00000000eab00000)
  object space 68608K, 0% used [0x00000000c0000000,0x00000000c0004000,0x00000000c4300000)
 Metaspace       used 8223K, committed 8512K, reserved 1114112K
  class space    used 815K, committed 960K, reserved 1048576K
}
Event: 5.959 GC heap after
{Heap after GC invocations=2 (full 0):
 PSYoungGen      total 29696K, used 4075K [0x00000000eab00000, 0x00000000ecc00000, 0x0000000100000000)
  eden space 25600K, 0% used [0x00000000eab00000,0x00000000eab00000,0x00000000ec400000)
  from space 4096K, 99% used [0x00000000ec800000,0x00000000ecbfafc0,0x00000000ecc00000)
  to   space 4096K, 0% used [0x00000000ec400000,0x00000000ec400000,0x00000000ec800000)
 ParOldGen       total 68608K, used 872K [0x00000000c0000000, 0x00000000c4300000, 0x00000000eab00000)
  object space 68608K, 1% used [0x00000000c0000000,0x00000000c00da010,0x00000000c4300000)
 Metaspace       used 8223K, committed 8512K, reserved 1114112K
  class space    used 815K, committed 960K, reserved 1048576K
}
Event: 6.995 GC heap before
{Heap before GC invocations=3 (full 0):
 PSYoungGen      total 29696K, used 29675K [0x00000000eab00000, 0x00000000ecc00000, 0x0000000100000000)
  eden space 25600K, 99% used [0x00000000eab00000,0x00000000ec3ffd88,0x00000000ec400000)
  from space 4096K, 99% used [0x00000000ec800000,0x00000000ecbfafc0,0x00000000ecc00000)
  to   space 4096K, 0% used [0x00000000ec400000,0x00000000ec400000,0x00000000ec800000)
 ParOldGen       total 68608K, used 872K [0x00000000c0000000, 0x00000000c4300000, 0x00000000eab00000)
  object space 68608K, 1% used [0x00000000c0000000,0x00000000c00da010,0x00000000c4300000)
 Metaspace       used 12992K, committed 13568K, reserved 1114112K
  class space    used 1311K, committed 1536K, reserved 1048576K
}
Event: 7.003 GC heap after
{Heap after GC invocations=3 (full 0):
 PSYoungGen      total 29696K, used 4093K [0x00000000eab00000, 0x00000000ecc00000, 0x0000000100000000)
  eden space 25600K, 0% used [0x00000000eab00000,0x00000000eab00000,0x00000000ec400000)
  from space 4096K, 99% used [0x00000000ec400000,0x00000000ec7ff6e8,0x00000000ec800000)
  to   space 4096K, 0% used [0x00000000ec800000,0x00000000ec800000,0x00000000ecc00000)
 ParOldGen       total 68608K, used 2745K [0x00000000c0000000, 0x00000000c4300000, 0x00000000eab00000)
  object space 68608K, 4% used [0x00000000c0000000,0x00000000c02ae428,0x00000000c4300000)
 Metaspace       used 12992K, committed 13568K, reserved 1114112K
  class space    used 1311K, committed 1536K, reserved 1048576K
}
Event: 7.874 GC heap before
{Heap before GC invocations=4 (full 0):
 PSYoungGen      total 29696K, used 29693K [0x00000000eab00000, 0x00000000ecc00000, 0x0000000100000000)
  eden space 25600K, 100% used [0x00000000eab00000,0x00000000ec400000,0x00000000ec400000)
  from space 4096K, 99% used [0x00000000ec400000,0x00000000ec7ff6e8,0x00000000ec800000)
  to   space 4096K, 0% used [0x00000000ec800000,0x00000000ec800000,0x00000000ecc00000)
 ParOldGen       total 68608K, used 2745K [0x00000000c0000000, 0x00000000c4300000, 0x00000000eab00000)
  object space 68608K, 4% used [0x00000000c0000000,0x00000000c02ae428,0x00000000c4300000)
 Metaspace       used 15939K, committed 16576K, reserved 1114112K
  class space    used 1589K, committed 1856K, reserved 1048576K
}
Event: 7.880 GC heap after
{Heap after GC invocations=4 (full 0):
 PSYoungGen      total 29696K, used 4092K [0x00000000eab00000, 0x00000000ecc00000, 0x0000000100000000)
  eden space 25600K, 0% used [0x00000000eab00000,0x00000000eab00000,0x00000000ec400000)
  from space 4096K, 99% used [0x00000000ec800000,0x00000000ecbff1e8,0x00000000ecc00000)
  to   space 4096K, 0% used [0x00000000ec400000,0x00000000ec400000,0x00000000ec800000)
 ParOldGen       total 68608K, used 4671K [0x00000000c0000000, 0x00000000c4300000, 0x00000000eab00000)
  object space 68608K, 6% used [0x00000000c0000000,0x00000000c048ffb0,0x00000000c4300000)
 Metaspace       used 15939K, committed 16576K, reserved 1114112K
  class space    used 1589K, committed 1856K, reserved 1048576K
}
Event: 8.494 GC heap before
{Heap before GC invocations=5 (full 0):
 PSYoungGen      total 29696K, used 29564K [0x00000000eab00000, 0x00000000ecc00000, 0x0000000100000000)
  eden space 25600K, 99% used [0x00000000eab00000,0x00000000ec3e0118,0x00000000ec400000)
  from space 4096K, 99% used [0x00000000ec800000,0x00000000ecbff1e8,0x00000000ecc00000)
  to   space 4096K, 0% used [0x00000000ec400000,0x00000000ec400000,0x00000000ec800000)
 ParOldGen       total 68608K, used 4671K [0x00000000c0000000, 0x00000000c4300000, 0x00000000eab00000)
  object space 68608K, 6% used [0x00000000c0000000,0x00000000c048ffb0,0x00000000c4300000)
 Metaspace       used 20125K, committed 20736K, reserved 1114112K
  class space    used 1893K, committed 2176K, reserved 1048576K
}
Event: 8.499 GC heap after
{Heap after GC invocations=5 (full 0):
 PSYoungGen      total 29184K, used 4068K [0x00000000eab00000, 0x00000000ece80000, 0x0000000100000000)
  eden space 25088K, 0% used [0x00000000eab00000,0x00000000eab00000,0x00000000ec380000)
  from space 4096K, 99% used [0x00000000ec400000,0x00000000ec7f93b8,0x00000000ec800000)
  to   space 5632K, 0% used [0x00000000ec900000,0x00000000ec900000,0x00000000ece80000)
 ParOldGen       total 68608K, used 5667K [0x00000000c0000000, 0x00000000c4300000, 0x00000000eab00000)
  object space 68608K, 8% used [0x00000000c0000000,0x00000000c0588d50,0x00000000c4300000)
 Metaspace       used 20125K, committed 20736K, reserved 1114112K
  class space    used 1893K, committed 2176K, reserved 1048576K
}
Event: 8.823 GC heap before
{Heap before GC invocations=6 (full 0):
 PSYoungGen      total 29184K, used 23982K [0x00000000eab00000, 0x00000000ece80000, 0x0000000100000000)
  eden space 25088K, 79% used [0x00000000eab00000,0x00000000ebe725f8,0x00000000ec380000)
  from space 4096K, 99% used [0x00000000ec400000,0x00000000ec7f93b8,0x00000000ec800000)
  to   space 5632K, 0% used [0x00000000ec900000,0x00000000ec900000,0x00000000ece80000)
 ParOldGen       total 68608K, used 5667K [0x00000000c0000000, 0x00000000c4300000, 0x00000000eab00000)
  object space 68608K, 8% used [0x00000000c0000000,0x00000000c0588d50,0x00000000c4300000)
 Metaspace       used 20911K, committed 21504K, reserved 1114112K
  class space    used 1930K, committed 2176K, reserved 1048576K
}
Event: 8.827 GC heap after
{Heap after GC invocations=6 (full 0):
 PSYoungGen      total 30208K, used 5611K [0x00000000eab00000, 0x00000000ecf80000, 0x0000000100000000)
  eden space 24576K, 0% used [0x00000000eab00000,0x00000000eab00000,0x00000000ec300000)
  from space 5632K, 99% used [0x00000000ec900000,0x00000000ece7ac28,0x00000000ece80000)
  to   space 6144K, 0% used [0x00000000ec300000,0x00000000ec300000,0x00000000ec900000)
 ParOldGen       total 68608K, used 5763K [0x00000000c0000000, 0x00000000c4300000, 0x00000000eab00000)
  object space 68608K, 8% used [0x00000000c0000000,0x00000000c05a0d50,0x00000000c4300000)
 Metaspace       used 20911K, committed 21504K, reserved 1114112K
  class space    used 1930K, committed 2176K, reserved 1048576K
}
Event: 8.828 GC heap before
{Heap before GC invocations=7 (full 1):
 PSYoungGen      total 30208K, used 5611K [0x00000000eab00000, 0x00000000ecf80000, 0x0000000100000000)
  eden space 24576K, 0% used [0x00000000eab00000,0x00000000eab00000,0x00000000ec300000)
  from space 5632K, 99% used [0x00000000ec900000,0x00000000ece7ac28,0x00000000ece80000)
  to   space 6144K, 0% used [0x00000000ec300000,0x00000000ec300000,0x00000000ec900000)
 ParOldGen       total 68608K, used 5763K [0x00000000c0000000, 0x00000000c4300000, 0x00000000eab00000)
  object space 68608K, 8% used [0x00000000c0000000,0x00000000c05a0d50,0x00000000c4300000)
 Metaspace       used 20911K, committed 21504K, reserved 1114112K
  class space    used 1930K, committed 2176K, reserved 1048576K
}
Event: 8.863 GC heap after
{Heap after GC invocations=7 (full 1):
 PSYoungGen      total 30208K, used 0K [0x00000000eab00000, 0x00000000ecf80000, 0x0000000100000000)
  eden space 24576K, 0% used [0x00000000eab00000,0x00000000eab00000,0x00000000ec300000)
  from space 5632K, 0% used [0x00000000ec900000,0x00000000ec900000,0x00000000ece80000)
  to   space 6144K, 0% used [0x00000000ec300000,0x00000000ec300000,0x00000000ec900000)
 ParOldGen       total 68608K, used 10363K [0x00000000c0000000, 0x00000000c4300000, 0x00000000eab00000)
  object space 68608K, 15% used [0x00000000c0000000,0x00000000c0a1ee78,0x00000000c4300000)
 Metaspace       used 20898K, committed 21504K, reserved 1114112K
  class space    used 1926K, committed 2176K, reserved 1048576K
}

Dll operation events (11 events):
Event: 0.030 Loaded shared library c:\Users\dh210\.vscode\extensions\redhat.java-1.41.0-win32-x64\jre\21.0.6-win32-x86_64\bin\java.dll
Event: 0.183 Loaded shared library c:\Users\dh210\.vscode\extensions\redhat.java-1.41.0-win32-x64\jre\21.0.6-win32-x86_64\bin\zip.dll
Event: 0.222 Loaded shared library C:\Users\dh210\.vscode\extensions\redhat.java-1.41.0-win32-x64\jre\21.0.6-win32-x86_64\bin\instrument.dll
Event: 0.233 Loaded shared library C:\Users\dh210\.vscode\extensions\redhat.java-1.41.0-win32-x64\jre\21.0.6-win32-x86_64\bin\net.dll
Event: 0.239 Loaded shared library C:\Users\dh210\.vscode\extensions\redhat.java-1.41.0-win32-x64\jre\21.0.6-win32-x86_64\bin\nio.dll
Event: 0.247 Loaded shared library C:\Users\dh210\.vscode\extensions\redhat.java-1.41.0-win32-x64\jre\21.0.6-win32-x86_64\bin\zip.dll
Event: 0.281 Loaded shared library C:\Users\dh210\.vscode\extensions\redhat.java-1.41.0-win32-x64\jre\21.0.6-win32-x86_64\bin\jimage.dll
Event: 0.420 Loaded shared library c:\Users\dh210\.vscode\extensions\redhat.java-1.41.0-win32-x64\jre\21.0.6-win32-x86_64\bin\verify.dll
Event: 5.794 Loaded shared library C:\Users\dh210\AppData\Roaming\Code\User\globalStorage\redhat.java\1.41.0\config_ss_win\org.eclipse.equinox.launcher\org.eclipse.equinox.launcher.win32.win32.x86_64_1.2.1300.v20250325-0811\eclipse_11911.dll
Event: 6.979 Loaded shared library C:\Users\dh210\.vscode\extensions\redhat.java-1.41.0-win32-x64\jre\21.0.6-win32-x86_64\bin\management.dll
Event: 6.992 Loaded shared library C:\Users\dh210\.vscode\extensions\redhat.java-1.41.0-win32-x64\jre\21.0.6-win32-x86_64\bin\management_ext.dll

Deoptimization events (20 events):
Event: 9.024 Thread 0x000002e466870d30 DEOPT PACKING pc=0x000002e4531917c9 sp=0x000000eff11f8ea0
Event: 9.024 Thread 0x000002e466870d30 DEOPT UNPACKING pc=0x000002e45a1b4242 sp=0x000000eff11f8310 mode 0
Event: 9.024 Thread 0x000002e466870d30 DEOPT PACKING pc=0x000002e4531917c9 sp=0x000000eff11f8ea0
Event: 9.025 Thread 0x000002e466870d30 DEOPT UNPACKING pc=0x000002e45a1b4242 sp=0x000000eff11f8310 mode 0
Event: 9.025 Thread 0x000002e466870d30 DEOPT PACKING pc=0x000002e4531917c9 sp=0x000000eff11f8ea0
Event: 9.025 Thread 0x000002e466870d30 DEOPT UNPACKING pc=0x000002e45a1b4242 sp=0x000000eff11f8310 mode 0
Event: 9.025 Thread 0x000002e466870d30 DEOPT PACKING pc=0x000002e4531917c9 sp=0x000000eff11f8ea0
Event: 9.025 Thread 0x000002e466870d30 DEOPT UNPACKING pc=0x000002e45a1b4242 sp=0x000000eff11f8310 mode 0
Event: 9.025 Thread 0x000002e466870d30 DEOPT PACKING pc=0x000002e4531917c9 sp=0x000000eff11f8ea0
Event: 9.025 Thread 0x000002e466870d30 DEOPT UNPACKING pc=0x000002e45a1b4242 sp=0x000000eff11f8310 mode 0
Event: 9.088 Thread 0x000002e466870d30 DEOPT PACKING pc=0x000002e4531917c9 sp=0x000000eff11f9bd0
Event: 9.088 Thread 0x000002e466870d30 DEOPT UNPACKING pc=0x000002e45a1b4242 sp=0x000000eff11f9040 mode 0
Event: 9.113 Thread 0x000002e466870d30 DEOPT PACKING pc=0x000002e4531917c9 sp=0x000000eff11fd310
Event: 9.113 Thread 0x000002e466870d30 DEOPT UNPACKING pc=0x000002e45a1b4242 sp=0x000000eff11fc798 mode 0
Event: 9.113 Thread 0x000002e466870d30 DEOPT PACKING pc=0x000002e452d507a6 sp=0x000000eff11fda10
Event: 9.113 Thread 0x000002e466870d30 DEOPT UNPACKING pc=0x000002e45a1b4242 sp=0x000000eff11fcf08 mode 0
Event: 9.403 Thread 0x000002e466870d30 Uncommon trap: trap_request=0xffffff45 fr.pc=0x000002e45a735c9c relative=0x000000000000067c
Event: 9.403 Thread 0x000002e466870d30 Uncommon trap: reason=unstable_if action=reinterpret pc=0x000002e45a735c9c method=java.lang.String.replace(Ljava/lang/CharSequence;Ljava/lang/CharSequence;)Ljava/lang/String; @ 42 c2
Event: 9.403 Thread 0x000002e466870d30 DEOPT PACKING pc=0x000002e45a735c9c sp=0x000000eff11fbca0
Event: 9.403 Thread 0x000002e466870d30 DEOPT UNPACKING pc=0x000002e45a1b3aa2 sp=0x000000eff11fbc20 mode 2

Classes loaded (20 events):
Event: 9.304 Loading class com/sun/org/apache/xerces/internal/dom/DeferredAttrImpl
Event: 9.304 Loading class com/sun/org/apache/xerces/internal/dom/DeferredAttrImpl done
Event: 9.306 Loading class com/sun/org/apache/xerces/internal/dom/DeferredTextImpl
Event: 9.306 Loading class com/sun/org/apache/xerces/internal/dom/DeferredTextImpl done
Event: 9.322 Loading class java/lang/StackTraceElement$HashedModules
Event: 9.322 Loading class java/lang/StackTraceElement$HashedModules done
Event: 9.325 Loading class sun/nio/cs/UTF_8$Encoder
Event: 9.326 Loading class sun/nio/cs/UTF_8$Encoder done
Event: 9.328 Loading class java/io/FileOutputStream$1
Event: 9.328 Loading class java/io/FileOutputStream$1 done
Event: 9.378 Loading class java/nio/charset/IllegalCharsetNameException
Event: 9.378 Loading class java/nio/charset/IllegalCharsetNameException done
Event: 9.388 Loading class jdk/internal/logger/LoggerFinderLoader
Event: 9.389 Loading class jdk/internal/logger/LoggerFinderLoader done
Event: 9.390 Loading class jdk/internal/logger/LoggerFinderLoader$TemporaryLoggerFinder
Event: 9.390 Loading class jdk/internal/logger/LoggerFinderLoader$TemporaryLoggerFinder done
Event: 9.391 Loading class sun/util/logging/internal/LoggingProviderImpl$JULWrapper
Event: 9.391 Loading class sun/util/logging/internal/LoggingProviderImpl$JULWrapper done
Event: 9.404 Loading class java/io/File$TempDirectory
Event: 9.404 Loading class java/io/File$TempDirectory done

Classes unloaded (7 events):
Event: 8.833 Thread 0x000002e463e14b10 Unloading class 0x000002e401185400 'java/lang/invoke/LambdaForm$MH+0x000002e401185400'
Event: 8.833 Thread 0x000002e463e14b10 Unloading class 0x000002e401185000 'java/lang/invoke/LambdaForm$MH+0x000002e401185000'
Event: 8.833 Thread 0x000002e463e14b10 Unloading class 0x000002e401184c00 'java/lang/invoke/LambdaForm$MH+0x000002e401184c00'
Event: 8.833 Thread 0x000002e463e14b10 Unloading class 0x000002e401184800 'java/lang/invoke/LambdaForm$MH+0x000002e401184800'
Event: 8.833 Thread 0x000002e463e14b10 Unloading class 0x000002e401184400 'java/lang/invoke/LambdaForm$BMH+0x000002e401184400'
Event: 8.833 Thread 0x000002e463e14b10 Unloading class 0x000002e401184000 'java/lang/invoke/LambdaForm$DMH+0x000002e401184000'
Event: 8.833 Thread 0x000002e463e14b10 Unloading class 0x000002e401182c00 'java/lang/invoke/LambdaForm$DMH+0x000002e401182c00'

Classes redefined (0 events):
No events

Internal exceptions (20 events):
Event: 7.443 Thread 0x000002e466870d30 Exception <a 'java/lang/NoSuchMethodError'{0x00000000eb6b1098}: 'double java.lang.invoke.DirectMethodHandle$Holder.invokeStatic(java.lang.Object, java.lang.Object)'> (0x00000000eb6b1098) 
thrown [s\src\hotspot\share\interpreter\linkResolver.cpp, line 773]
Event: 7.445 Thread 0x000002e466870d30 Exception <a 'java/lang/NoSuchMethodError'{0x00000000eb6b4758}: 'double java.lang.invoke.DirectMethodHandle$Holder.invokeStaticInit(java.lang.Object, java.lang.Object)'> (0x00000000eb6b4758) 
thrown [s\src\hotspot\share\interpreter\linkResolver.cpp, line 773]
Event: 7.939 Thread 0x000002e466870d30 Exception <a 'java/io/FileNotFoundException'{0x00000000eae33520}> (0x00000000eae33520) 
thrown [s\src\hotspot\share\prims\jni.cpp, line 520]
Event: 7.939 Thread 0x000002e466870d30 Exception <a 'java/io/FileNotFoundException'{0x00000000eae34388}> (0x00000000eae34388) 
thrown [s\src\hotspot\share\prims\jni.cpp, line 520]
Event: 7.940 Thread 0x000002e466870d30 Exception <a 'java/io/FileNotFoundException'{0x00000000eae352f0}> (0x00000000eae352f0) 
thrown [s\src\hotspot\share\prims\jni.cpp, line 520]
Event: 8.245 Thread 0x000002e466870d30 Exception <a 'java/lang/NoSuchMethodError'{0x00000000eb780938}: 'int java.lang.invoke.DirectMethodHandle$Holder.invokeStaticInit(java.lang.Object, java.lang.Object, java.lang.Object)'> (0x00000000eb780938) 
thrown [s\src\hotspot\share\interpreter\linkResolver.cpp, line 773]
Event: 8.344 Thread 0x000002e466870d30 Implicit null exception at 0x000002e45a8113f5 to 0x000002e45a8114d0
Event: 8.500 Thread 0x000002e466870d30 Exception <a 'java/io/FileNotFoundException'{0x00000000eabcf3d0}> (0x00000000eabcf3d0) 
thrown [s\src\hotspot\share\prims\jni.cpp, line 520]
Event: 8.502 Thread 0x000002e466870d30 Exception <a 'java/lang/NoSuchMethodError'{0x00000000eabd6c78}: 'java.lang.Object java.lang.invoke.DirectMethodHandle$Holder.newInvokeSpecial(java.lang.Object, int, java.lang.Object, java.lang.Object)'> (0x00000000eabd6c78) 
thrown [s\src\hotspot\share\interpreter\linkResolver.cpp, line 773]
Event: 8.569 Thread 0x000002e466870d30 Exception <a 'java/io/FileNotFoundException'{0x00000000eb60e060}> (0x00000000eb60e060) 
thrown [s\src\hotspot\share\prims\jni.cpp, line 520]
Event: 8.785 Thread 0x000002e466870d30 Exception <a 'java/io/FileNotFoundException'{0x00000000ebd0f720}> (0x00000000ebd0f720) 
thrown [s\src\hotspot\share\prims\jni.cpp, line 520]
Event: 8.897 Thread 0x000002e466870d30 Exception <a 'sun/nio/fs/WindowsException'{0x00000000eac058d8}> (0x00000000eac058d8) 
thrown [s\src\hotspot\share\prims\jni.cpp, line 520]
Event: 8.898 Thread 0x000002e466870d30 Exception <a 'sun/nio/fs/WindowsException'{0x00000000eac094e0}> (0x00000000eac094e0) 
thrown [s\src\hotspot\share\prims\jni.cpp, line 520]
Event: 8.928 Thread 0x000002e466870d30 Exception <a 'sun/nio/fs/WindowsException'{0x00000000eacd44a8}> (0x00000000eacd44a8) 
thrown [s\src\hotspot\share\prims\jni.cpp, line 520]
Event: 8.964 Thread 0x000002e466870d30 Exception <a 'java/lang/NoSuchMethodError'{0x00000000eadc66d8}: 'java.lang.Object java.lang.invoke.DirectMethodHandle$Holder.invokeStaticInit(java.lang.Object, int, int, int, int)'> (0x00000000eadc66d8) 
thrown [s\src\hotspot\share\interpreter\linkResolver.cpp, line 773]
Event: 9.008 Thread 0x000002e466870d30 Exception <a 'java/lang/NoSuchMethodError'{0x00000000eaeabbd0}: 'java.lang.Object java.lang.invoke.DirectMethodHandle$Holder.invokeStaticInit(java.lang.Object, java.lang.Object, int, int, int, int)'> (0x00000000eaeabbd0) 
thrown [s\src\hotspot\share\interpreter\linkResolver.cpp, line 773]
Event: 9.094 Thread 0x000002e466870d30 Exception <a 'sun/nio/fs/WindowsException'{0x00000000eb1b70e8}> (0x00000000eb1b70e8) 
thrown [s\src\hotspot\share\prims\jni.cpp, line 520]
Event: 9.095 Thread 0x000002e466870d30 Exception <a 'sun/nio/fs/WindowsException'{0x00000000eb1bf3b0}> (0x00000000eb1bf3b0) 
thrown [s\src\hotspot\share\prims\jni.cpp, line 520]
Event: 9.181 Thread 0x000002e466870d30 Exception <a 'java/lang/ClassNotFoundException'{0x00000000eb4986e8}: com/sun/org/apache/xml/internal/serializer/spi/XMLEntitiesProvider> (0x00000000eb4986e8) 
thrown [s\src\hotspot\share\classfile\systemDictionary.cpp, line 312]
Event: 9.341 Thread 0x000002e466870d30 Exception <a 'java/io/FileNotFoundException'{0x00000000eb838408}> (0x00000000eb838408) 
thrown [s\src\hotspot\share\prims\jni.cpp, line 520]

ZGC Phase Switch (0 events):
No events

VM Operations (20 events):
Event: 7.874 Executing VM operation: ParallelGCFailedAllocation (Allocation Failure)
Event: 7.881 Executing VM operation: ParallelGCFailedAllocation (Allocation Failure) done
Event: 8.494 Executing VM operation: ParallelGCFailedAllocation (Allocation Failure)
Event: 8.499 Executing VM operation: ParallelGCFailedAllocation (Allocation Failure) done
Event: 8.738 Executing VM operation: HandshakeAllThreads (Deoptimize)
Event: 8.738 Executing VM operation: HandshakeAllThreads (Deoptimize) done
Event: 8.822 Executing VM operation: CollectForMetadataAllocation (Metadata GC Threshold)
Event: 8.863 Executing VM operation: CollectForMetadataAllocation (Metadata GC Threshold) done
Event: 8.863 Executing VM operation: CollectForMetadataAllocation (Metadata GC Threshold)
Event: 8.863 Executing VM operation: CollectForMetadataAllocation (Metadata GC Threshold) done
Event: 8.882 Executing VM operation: HandshakeAllThreads (Deoptimize)
Event: 8.882 Executing VM operation: HandshakeAllThreads (Deoptimize) done
Event: 9.026 Executing VM operation: HandshakeAllThreads (Deoptimize)
Event: 9.026 Executing VM operation: HandshakeAllThreads (Deoptimize) done
Event: 9.027 Executing VM operation: HandshakeAllThreads (Deoptimize)
Event: 9.027 Executing VM operation: HandshakeAllThreads (Deoptimize) done
Event: 9.229 Executing VM operation: HandshakeAllThreads (Deoptimize)
Event: 9.229 Executing VM operation: HandshakeAllThreads (Deoptimize) done
Event: 9.305 Executing VM operation: HandshakeAllThreads (Deoptimize)
Event: 9.305 Executing VM operation: HandshakeAllThreads (Deoptimize) done

Memory protections (0 events):
No events

Nmethod flushes (0 events):
No events

Events (20 events):
Event: 0.157 Thread 0x000002e44d63b880 Thread added: 0x000002e4653833a0
Event: 0.608 Thread 0x000002e44d63b880 Thread added: 0x000002e4655d1c30
Event: 3.643 Thread 0x000002e44faf0820 Thread added: 0x000002e466443dc0
Event: 3.815 Thread 0x000002e466443dc0 Thread exited: 0x000002e466443dc0
Event: 4.396 Thread 0x000002e44faf0820 Thread added: 0x000002e4667934b0
Event: 4.398 Thread 0x000002e44faf0820 Thread added: 0x000002e466793b50
Event: 4.871 Thread 0x000002e466793b50 Thread exited: 0x000002e466793b50
Event: 5.188 Thread 0x000002e4667934b0 Thread exited: 0x000002e4667934b0
Event: 5.239 Thread 0x000002e44d63b880 Thread added: 0x000002e46b1fe2b0
Event: 5.519 Thread 0x000002e44faf0820 Thread added: 0x000002e4664e2e60
Event: 5.715 Thread 0x000002e44d63b880 Thread added: 0x000002e46b076910
Event: 5.736 Thread 0x000002e44d63b880 Thread added: 0x000002e466870d30
Event: 5.859 Thread 0x000002e466870d30 Thread added: 0x000002e46686c560
Event: 6.084 Thread 0x000002e4664e2e60 Thread exited: 0x000002e4664e2e60
Event: 6.139 Thread 0x000002e466870d30 Thread added: 0x000002e4664e2e60
Event: 6.648 Thread 0x000002e466870d30 Thread added: 0x000002e465567bf0
Event: 7.258 Thread 0x000002e466870d30 Thread added: 0x000002e46697afd0
Event: 7.295 Thread 0x000002e466870d30 Thread added: 0x000002e46b268b00
Event: 8.772 Thread 0x000002e466870d30 Thread added: 0x000002e46b6dcda0
Event: 8.939 Thread 0x000002e46b6dcda0 Thread exited: 0x000002e46b6dcda0


Dynamic libraries:
0x00007ff75b0c0000 - 0x00007ff75b0ce000 	c:\Users\dh210\.vscode\extensions\redhat.java-1.41.0-win32-x64\jre\21.0.6-win32-x86_64\bin\java.exe
0x00007ffff1630000 - 0x00007ffff1847000 	C:\WINDOWS\SYSTEM32\ntdll.dll
0x00007fffefd10000 - 0x00007fffefdd4000 	C:\WINDOWS\System32\KERNEL32.DLL
0x00007fffee8a0000 - 0x00007fffeec71000 	C:\WINDOWS\System32\KERNELBASE.dll
0x00007fffeecb0000 - 0x00007fffeedc1000 	C:\WINDOWS\System32\ucrtbase.dll
0x00007fffcc6b0000 - 0x00007fffcc6c8000 	c:\Users\dh210\.vscode\extensions\redhat.java-1.41.0-win32-x64\jre\21.0.6-win32-x86_64\bin\jli.dll
0x00007fffe0fa0000 - 0x00007fffe0fbe000 	c:\Users\dh210\.vscode\extensions\redhat.java-1.41.0-win32-x64\jre\21.0.6-win32-x86_64\bin\VCRUNTIME140.dll
0x00007fffef810000 - 0x00007fffef9c1000 	C:\WINDOWS\System32\USER32.dll
0x00007fffee770000 - 0x00007fffee796000 	C:\WINDOWS\System32\win32u.dll
0x00007fffef320000 - 0x00007fffef349000 	C:\WINDOWS\System32\GDI32.dll
0x00007fffef0a0000 - 0x00007fffef1bb000 	C:\WINDOWS\System32\gdi32full.dll
0x00007fffef000000 - 0x00007fffef09a000 	C:\WINDOWS\System32\msvcp_win.dll
0x00007fffd8c40000 - 0x00007fffd8ed2000 	C:\WINDOWS\WinSxS\amd64_microsoft.windows.common-controls_6595b64144ccf1df_6.0.22621.4830_none_270fe7d773858e80\COMCTL32.dll
0x00007ffff02b0000 - 0x00007ffff0357000 	C:\WINDOWS\System32\msvcrt.dll
0x00007fffef9d0000 - 0x00007fffefa01000 	C:\WINDOWS\System32\IMM32.DLL
0x00007fffea3f0000 - 0x00007fffea3fc000 	c:\Users\dh210\.vscode\extensions\redhat.java-1.41.0-win32-x64\jre\21.0.6-win32-x86_64\bin\vcruntime140_1.dll
0x00007fffacc80000 - 0x00007fffacd0d000 	c:\Users\dh210\.vscode\extensions\redhat.java-1.41.0-win32-x64\jre\21.0.6-win32-x86_64\bin\msvcp140.dll
0x00007fff3eb50000 - 0x00007fff3f8e0000 	c:\Users\dh210\.vscode\extensions\redhat.java-1.41.0-win32-x64\jre\21.0.6-win32-x86_64\bin\server\jvm.dll
0x00007ffff0360000 - 0x00007ffff0411000 	C:\WINDOWS\System32\ADVAPI32.dll
0x00007ffff00e0000 - 0x00007ffff0187000 	C:\WINDOWS\System32\sechost.dll
0x00007fffeec80000 - 0x00007fffeeca8000 	C:\WINDOWS\System32\bcrypt.dll
0x00007ffff0420000 - 0x00007ffff0534000 	C:\WINDOWS\System32\RPCRT4.dll
0x00007fffefa10000 - 0x00007fffefa81000 	C:\WINDOWS\System32\WS2_32.dll
0x00007fffee640000 - 0x00007fffee68d000 	C:\WINDOWS\SYSTEM32\POWRPROF.dll
0x00007fffe8cc0000 - 0x00007fffe8cf4000 	C:\WINDOWS\SYSTEM32\WINMM.dll
0x00007fffe53f0000 - 0x00007fffe53fa000 	C:\WINDOWS\SYSTEM32\VERSION.dll
0x00007fffee570000 - 0x00007fffee583000 	C:\WINDOWS\SYSTEM32\UMPDC.dll
0x00007fffed7a0000 - 0x00007fffed7b8000 	C:\WINDOWS\SYSTEM32\kernel.appcore.dll
0x00007fffe0f70000 - 0x00007fffe0f7a000 	c:\Users\dh210\.vscode\extensions\redhat.java-1.41.0-win32-x64\jre\21.0.6-win32-x86_64\bin\jimage.dll
0x00007fffec2b0000 - 0x00007fffec4e2000 	C:\WINDOWS\SYSTEM32\DBGHELP.DLL
0x00007fffef350000 - 0x00007fffef6e0000 	C:\WINDOWS\System32\combase.dll
0x00007fffef6e0000 - 0x00007fffef7b7000 	C:\WINDOWS\System32\OLEAUT32.dll
0x00007fffda9f0000 - 0x00007fffdaa22000 	C:\WINDOWS\SYSTEM32\dbgcore.DLL
0x00007fffee820000 - 0x00007fffee89b000 	C:\WINDOWS\System32\bcryptPrimitives.dll
0x00007fffe0e80000 - 0x00007fffe0e8f000 	c:\Users\dh210\.vscode\extensions\redhat.java-1.41.0-win32-x64\jre\21.0.6-win32-x86_64\bin\instrument.dll
0x00007fffcc690000 - 0x00007fffcc6af000 	c:\Users\dh210\.vscode\extensions\redhat.java-1.41.0-win32-x64\jre\21.0.6-win32-x86_64\bin\java.dll
0x00007ffff0570000 - 0x00007ffff0df8000 	C:\WINDOWS\System32\SHELL32.dll
0x00007fffef1c0000 - 0x00007fffef2ff000 	C:\WINDOWS\System32\wintypes.dll
0x00007fffec680000 - 0x00007fffecf8d000 	C:\WINDOWS\SYSTEM32\windows.storage.dll
0x00007fffefc00000 - 0x00007fffefd0a000 	C:\WINDOWS\System32\SHCORE.dll
0x00007ffff10b0000 - 0x00007ffff110e000 	C:\WINDOWS\System32\shlwapi.dll
0x00007fffee6a0000 - 0x00007fffee6cb000 	C:\WINDOWS\SYSTEM32\profapi.dll
0x00007fffca3c0000 - 0x00007fffca3d8000 	c:\Users\dh210\.vscode\extensions\redhat.java-1.41.0-win32-x64\jre\21.0.6-win32-x86_64\bin\zip.dll
0x00007fffddc40000 - 0x00007fffddc50000 	C:\Users\dh210\.vscode\extensions\redhat.java-1.41.0-win32-x64\jre\21.0.6-win32-x86_64\bin\net.dll
0x00007fffe9800000 - 0x00007fffe992c000 	C:\WINDOWS\SYSTEM32\WINHTTP.dll
0x00007fffedc30000 - 0x00007fffedc9a000 	C:\WINDOWS\system32\mswsock.dll
0x00007fffc9fd0000 - 0x00007fffc9fe6000 	C:\Users\dh210\.vscode\extensions\redhat.java-1.41.0-win32-x64\jre\21.0.6-win32-x86_64\bin\nio.dll
0x00007fffd5060000 - 0x00007fffd5070000 	c:\Users\dh210\.vscode\extensions\redhat.java-1.41.0-win32-x64\jre\21.0.6-win32-x86_64\bin\verify.dll
0x00007fffcab30000 - 0x00007fffcab75000 	C:\Users\dh210\AppData\Roaming\Code\User\globalStorage\redhat.java\1.41.0\config_ss_win\org.eclipse.equinox.launcher\org.eclipse.equinox.launcher.win32.win32.x86_64_1.2.1300.v20250325-0811\eclipse_11911.dll
0x00007ffff0e80000 - 0x00007ffff1021000 	C:\WINDOWS\System32\ole32.dll
0x00007fffd1510000 - 0x00007fffd151a000 	C:\Users\dh210\.vscode\extensions\redhat.java-1.41.0-win32-x64\jre\21.0.6-win32-x86_64\bin\management.dll
0x00007fffd0ce0000 - 0x00007fffd0ceb000 	C:\Users\dh210\.vscode\extensions\redhat.java-1.41.0-win32-x64\jre\21.0.6-win32-x86_64\bin\management_ext.dll
0x00007fffefa90000 - 0x00007fffefa98000 	C:\WINDOWS\System32\PSAPI.DLL
0x00007fffede80000 - 0x00007fffede9b000 	C:\WINDOWS\SYSTEM32\CRYPTSP.dll
0x00007fffed700000 - 0x00007fffed737000 	C:\WINDOWS\system32\rsaenh.dll
0x00007fffedd20000 - 0x00007fffedd48000 	C:\WINDOWS\SYSTEM32\USERENV.dll
0x00007fffedea0000 - 0x00007fffedeac000 	C:\WINDOWS\SYSTEM32\CRYPTBASE.dll
0x00007fffed1f0000 - 0x00007fffed21d000 	C:\WINDOWS\SYSTEM32\IPHLPAPI.DLL
0x00007ffff0560000 - 0x00007ffff0569000 	C:\WINDOWS\System32\NSI.dll
0x00007fffc55e0000 - 0x00007fffc5629000 	C:\Users\dh210\AppData\Local\Temp\jna-95499981\jna147930579879449725.dll

dbghelp: loaded successfully - version: 4.0.5 - missing functions: none
symbol engine: initialized successfully - sym options: 0x614 - pdb path: .;c:\Users\dh210\.vscode\extensions\redhat.java-1.41.0-win32-x64\jre\21.0.6-win32-x86_64\bin;C:\WINDOWS\SYSTEM32;C:\WINDOWS\WinSxS\amd64_microsoft.windows.common-controls_6595b64144ccf1df_6.0.22621.4830_none_270fe7d773858e80;c:\Users\dh210\.vscode\extensions\redhat.java-1.41.0-win32-x64\jre\21.0.6-win32-x86_64\bin\server;C:\Users\dh210\AppData\Roaming\Code\User\globalStorage\redhat.java\1.41.0\config_ss_win\org.eclipse.equinox.launcher\org.eclipse.equinox.launcher.win32.win32.x86_64_1.2.1300.v20250325-0811;C:\Users\dh210\AppData\Local\Temp\jna-95499981

VM Arguments:
jvm_args: --add-modules=ALL-SYSTEM --add-opens=java.base/java.util=ALL-UNNAMED --add-opens=java.base/java.lang=ALL-UNNAMED --add-opens=java.base/sun.nio.fs=ALL-UNNAMED -Declipse.application=org.eclipse.jdt.ls.core.id1 -Dosgi.bundles.defaultStartLevel=4 -Declipse.product=org.eclipse.jdt.ls.core.product -Djava.import.generatesMetadataFilesAtProjectRoot=false -DDetectVMInstallationsJob.disabled=true -Dfile.encoding=utf8 -XX:+UseParallelGC -XX:GCTimeRatio=4 -XX:AdaptiveSizePolicyWeight=90 -Dsun.zip.disableMemoryMapping=true -Xmx1G -Xms100m -Xlog:disable -javaagent:c:\Users\dh210\.vscode\extensions\redhat.java-1.41.0-win32-x64\lombok\lombok-1.18.36.jar 
java_command: c:\Users\dh210\.vscode\extensions\redhat.java-1.41.0-win32-x64\server\plugins\org.eclipse.equinox.launcher_1.6.1100.v20250306-0509.jar -configuration c:\Users\dh210\AppData\Roaming\Code\User\globalStorage\redhat.java\1.41.0\config_ss_win -data c:\Users\dh210\AppData\Roaming\Code\User\workspaceStorage\e025dc4aa543a09d8553582b0ad4b498\redhat.java\ss_ws --pipe=\\.\pipe\lsp-2090adb592c026718e0bc3cdff5a0565-sock
java_class_path (initial): c:\Users\dh210\.vscode\extensions\redhat.java-1.41.0-win32-x64\server\plugins\org.eclipse.equinox.launcher_1.6.1100.v20250306-0509.jar
Launcher Type: SUN_STANDARD

[Global flags]
    uintx AdaptiveSizePolicyWeight                 = 90                                        {product} {command line}
     intx CICompilerCount                          = 4                                         {product} {ergonomic}
    uintx GCTimeRatio                              = 4                                         {product} {command line}
   size_t InitialHeapSize                          = 104857600                                 {product} {command line}
   size_t MaxHeapSize                              = 1073741824                                {product} {command line}
   size_t MaxNewSize                               = 357564416                                 {product} {ergonomic}
   size_t MinHeapDeltaBytes                        = 524288                                    {product} {ergonomic}
   size_t MinHeapSize                              = 104857600                                 {product} {command line}
   size_t NewSize                                  = 34603008                                  {product} {ergonomic}
    uintx NonNMethodCodeHeapSize                   = 5839372                                {pd product} {ergonomic}
    uintx NonProfiledCodeHeapSize                  = 122909434                              {pd product} {ergonomic}
   size_t OldSize                                  = 70254592                                  {product} {ergonomic}
    uintx ProfiledCodeHeapSize                     = 122909434                              {pd product} {ergonomic}
    uintx ReservedCodeCacheSize                    = 251658240                              {pd product} {ergonomic}
     bool SegmentedCodeCache                       = true                                      {product} {ergonomic}
   size_t SoftMaxHeapSize                          = 1073741824                             {manageable} {ergonomic}
     bool UseCompressedOops                        = true                           {product lp64_product} {ergonomic}
     bool UseLargePagesIndividualAllocation        = false                                  {pd product} {ergonomic}
     bool UseParallelGC                            = true                                      {product} {command line}

Logging:
Log output configuration:
 #0: stdout all=off uptime,level,tags foldmultilines=false
 #1: stderr all=off uptime,level,tags foldmultilines=false

Environment Variables:
JAVA_HOME=C:\Program Files\Java\jdk-22
PATH=C:\WINDOWS\system32;C:\WINDOWS;C:\WINDOWS\System32\Wbem;C:\WINDOWS\System32\WindowsPowerShell\v1.0\;C:\WINDOWS\System32\OpenSSH\;C:\Program Files\Git\cmd;C:\Program Files\Common Files\Oracle\Maven\apache-maven-3.9.9\bin;C:\Program Files\EPSON\OPOS for .NET\Lib64;C:\ProgramData\chocolatey\bin;C:\flutter\bin;C:\Program Files\Common Files\Oracle\Maven\apache-maven-3.9.9\bin;C:\Program Files\Java\jdk-22\bin;C:\Program Files\Java\jdk-22\bin;C:\Program Files\Docker\Docker\resources\bin;%NVM_HOME%;%NVM_SYMLINK%;C:\Program Files\Amazon\AWSCLIV2\;C:\Users\dh210\AppData\Local\Programs\Python\Python311\Scripts\;C:\Users\dh210\AppData\Local\Programs\Python\Python311\;C:\Users\dh210\AppData\Local\Microsoft\WindowsApps;C:\Users\dh210\AppData\Local\Programs\Microsoft VS Code\bin;C:\Users\dh210\AppData\Roaming\npm;C:\src\flutter\bin;C:\Program Files\JetBrains\IntelliJ IDEA 2024.1.4\bin;;C:\Program Files\JetBrains\IntelliJ IDEA Community Edition 2024.1.4\bin;;C:\Program Files\Java\jdk-22\bin;C:\Users\dh210\AppData\Local\nvm;C:\nvm4w\nodejs;C:\Users\dh210\AppData\Local\Microsoft\WinGet\Packages\Schniz.fnm_Microsoft.Winget.Source_8wekyb3d8bbwe;
USERNAME=dh210
LANG=pt_BR.UTF-8.
OS=Windows_NT
PROCESSOR_IDENTIFIER=AMD64 Family 23 Model 104 Stepping 1, AuthenticAMD
TMP=C:\Users\dh210\AppData\Local\Temp
TEMP=C:\Users\dh210\AppData\Local\Temp




Periodic native trim disabled

---------------  S Y S T E M  ---------------

OS:
 Windows 11 , 64 bit Build 22621 (10.0.22621.4974)
OS uptime: 2 days 7:27 hours
Hyper-V role detected

CPU: total 12 (initial active 12) (12 cores per cpu, 2 threads per core) family 23 model 104 stepping 1 microcode 0x0, cx8, cmov, fxsr, ht, mmx, 3dnowpref, sse, sse2, sse3, ssse3, sse4a, sse4.1, sse4.2, popcnt, lzcnt, tsc, tscinvbit, avx, avx2, aes, clmul, bmi1, bmi2, adx, sha, fma, vzeroupper, clflush, clflushopt, hv, rdtscp, rdpid, f16c
Processor Information for the first 12 processors :
  Max Mhz: 2100, Current Mhz: 2100, Mhz Limit: 2100

Memory: 4k page, system-wide physical 6005M (163M free)
TotalPageFile size 24437M (AvailPageFile size 233M)
current process WorkingSet (physical memory assigned to process): 162M, peak: 162M
current process commit charge ("private bytes"): 269M, peak: 269M

vm_info: OpenJDK 64-Bit Server VM (21.0.6+7-LTS) for windows-amd64 JRE (21.0.6+7-LTS), built on 2025-01-21T00:00:00Z by "admin" with MS VC++ 17.7 (VS2022)

END.
